<?xml version="1.0" encoding="UTF-8"?>
<!-- Generated by org.testng.reporters.JUnitReportReporter -->
<testsuite hostname="lapi_girish" failures="0" tests="1" name="com.inetBankingV1.testCases.BuyShoes" time="33.978" errors="0" timestamp="2022-09-28T17:06:25 IST" skipped="0">
  <testcase classname="com.inetBankingV1.testCases.BuyShoes" name="Test_BuyShoes" time="33.978"/>
  <system-out/>
</testsuite> <!-- com.inetBankingV1.testCases.BuyShoes -->
