<?xml version="1.0" encoding="UTF-8"?>
<!-- Generated by org.testng.reporters.JUnitReportReporter -->
<testsuite hostname="lapi_girish" failures="0" tests="1" name="com.inetBankingV1.testCases.TC__LoginTest_001" time="5.218" errors="0" timestamp="2022-09-19T11:34:22 IST" skipped="0">
  <testcase classname="com.inetBankingV1.testCases.TC__LoginTest_001" name="LoginTest" time="5.218"/>
  <system-out/>
</testsuite> <!-- com.inetBankingV1.testCases.TC__LoginTest_001 -->
