<?xml version="1.0" encoding="UTF-8"?>
<!-- Generated by org.testng.reporters.JUnitReportReporter -->
<testsuite hostname="lapi_girish" failures="0" tests="1" name="com.inetBankingV1.testCases.TC__VerifySwitchWindow" time="8.388" errors="0" timestamp="2022-09-22T17:45:03 IST" skipped="0">
  <testcase classname="com.inetBankingV1.testCases.TC__VerifySwitchWindow" name="switchWindow" time="8.388"/>
  <system-out/>
</testsuite> <!-- com.inetBankingV1.testCases.TC__VerifySwitchWindow -->
