<?xml version="1.0" encoding="UTF-8"?>
<!-- Generated by org.testng.reporters.JUnitReportReporter -->
<testsuite hostname="lapi_girish" failures="0" tests="1" name="com.inetBankingV1.testCases.BuyBook" time="31.593" errors="0" timestamp="2022-09-27T23:20:14 IST" skipped="0">
  <testcase classname="com.inetBankingV1.testCases.BuyBook" name="Test_BuyBook" time="31.593"/>
  <system-out/>
</testsuite> <!-- com.inetBankingV1.testCases.BuyBook -->
